  main.cpp
D:\Source\Project\2DCollisionSimulation\2DCollisionSimulation\physics.h(24,27): warning C4018: “<”: 有符号/无符号不匹配
D:\Source\Project\2DCollisionSimulation\2DCollisionSimulation\physics.h(30,24): warning C4244: “初始化”: 从“T”转换到“unsigned int”，可能丢失数据
          with
          [
              T=float
          ]
D:\Source\Project\2DCollisionSimulation\2DCollisionSimulation\physics.h(31,24): warning C4244: “初始化”: 从“T”转换到“unsigned int”，可能丢失数据
          with
          [
              T=float
          ]
D:\Source\Project\2DCollisionSimulation\2DCollisionSimulation\physics.h(58,131): warning C4244: “参数”: 从“T”转换到“unsigned int”，可能丢失数据
          with
          [
              T=float
          ]
D:\Source\Project\2DCollisionSimulation\2DCollisionSimulation\physics.h(58,108): warning C4244: “参数”: 从“T”转换到“unsigned int”，可能丢失数据
          with
          [
              T=float
          ]
D:\Source\Project\2DCollisionSimulation\2DCollisionSimulation\physics.h(91,27): warning C4018: “<”: 有符号/无符号不匹配
D:\Source\Project\2DCollisionSimulation\2DCollisionSimulation\physics.h(92,31): warning C4018: “<”: 有符号/无符号不匹配
D:\Source\Project\2DCollisionSimulation\2DCollisionSimulation\physics.h(100,31): warning C4018: “<”: 有符号/无符号不匹配
D:\Source\Project\2DCollisionSimulation\2DCollisionSimulation\physics.h(110,44): warning C4018: “<”: 有符号/无符号不匹配
D:\Source\Project\2DCollisionSimulation\2DCollisionSimulation\physics.h(124,27): warning C4018: “<”: 有符号/无符号不匹配
D:\Source\Project\2DCollisionSimulation\2DCollisionSimulation\physics.h(133,27): warning C4018: “<”: 有符号/无符号不匹配
D:\Source\Project\2DCollisionSimulation\2DCollisionSimulation\physics.h(159,35): warning C4018: “<”: 有符号/无符号不匹配
D:\Source\Project\2DCollisionSimulation\2DCollisionSimulation\physics.h(158,33): warning C4267: “参数”: 从“size_t”转换到“uint32_t”，可能丢失数据
D:\Source\Project\2DCollisionSimulation\2DCollisionSimulation\physics.h(224,31): warning C4018: “<”: 有符号/无符号不匹配
D:\Source\Project\2DCollisionSimulation\2DCollisionSimulation\main.cpp(14,65): warning C4244: “参数”: 从“const T”转换到“unsigned int”，可能丢失数据
          with
          [
              T=float
          ]
D:\Source\Project\2DCollisionSimulation\2DCollisionSimulation\main.cpp(14,52): warning C4244: “参数”: 从“const T”转换到“unsigned int”，可能丢失数据
          with
          [
              T=float
          ]
  正在生成代码
  1 of 621 functions ( 0.2%) were compiled, the rest were copied from previous compilation.
    0 functions were new in current compilation
    0 functions had inline decision re-evaluated but remain unchanged
  已完成代码的生成
  2DCollisionSimulation.vcxproj -> D:\Source\Project\2DCollisionSimulation\x64\Release\2DCollisionSimulation.exe
